<?xml version="1.0" encoding="UTF-8"?>
<!-- Generated by org.testng.reporters.JUnitReportReporter -->
<testsuite hostname="lapwifi.ask.hs-furtwangen.de" name="com.xcellent.challenge.CIDIRTest" tests="1" failures="0" timestamp="24 Nov 2011 19:21:12 GMT" time="0.015" errors="0">
  <testcase name="testCidr" time="0.015" classname="com.xcellent.challenge.CIDIRTest"/>
</testsuite>
